<?xml version="1.0" encoding="UTF-8"?>
<testng-results ignored="0" total="1" passed="1" failed="0" skipped="0">
  <reporter-output>
    <line>
      <![CDATA[Actual image count is =3349432]]>
    </line>
    <line>
      <![CDATA[expected image  count is = 45864]]>
    </line>
    <line>
      <![CDATA[matching count  = 37696]]>
    </line>
    <line>
      <![CDATA[image is not broken =82]]>
    </line>
  </reporter-output>
  <suite started-at="2020-11-27T12:45:46 IST" name="Default suite" finished-at="2020-11-27T12:46:18 IST" duration-ms="32133">
    <groups>
    </groups>
    <test started-at="2020-11-27T12:45:46 IST" name="Default test" finished-at="2020-11-27T12:46:18 IST" duration-ms="32133">
      <class name="com_ActiTime_Test.ActiTimeImageTest">
        <test-method signature="image()[pri:0, instance:com_ActiTime_Test.ActiTimeImageTest@75f32542]" started-at="2020-11-27T12:45:46 IST" name="image" finished-at="2020-11-27T12:46:18 IST" duration-ms="32096" status="PASS">
          <reporter-output>
            <line>
              <![CDATA[Actual image count is =3349432]]>
            </line>
            <line>
              <![CDATA[expected image  count is = 45864]]>
            </line>
            <line>
              <![CDATA[matching count  = 37696]]>
            </line>
            <line>
              <![CDATA[image is not broken =82]]>
            </line>
          </reporter-output>
        </test-method> <!-- image -->
      </class> <!-- com_ActiTime_Test.ActiTimeImageTest -->
    </test> <!-- Default test -->
  </suite> <!-- Default suite -->
</testng-results>
